2025-10-02 10:42:52,210 - INFO - Starting comprehensive data sanity check...
2025-10-02 10:42:52,210 - INFO - Checking database connectivity...
2025-10-02 10:42:52,213 - INFO - ✅ All required tables present
2025-10-02 10:42:52,213 - INFO - Checking table structure...
2025-10-02 10:42:52,213 - INFO - Checking data completeness...
2025-10-02 10:42:52,217 - INFO - Checking data quality...
2025-10-02 10:42:52,220 - INFO - Checking analysis readiness...
2025-10-02 10:42:52,221 - INFO - Checking canonical metrics availability...
2025-10-02 10:42:52,222 - INFO - ✅ Canonical metrics check: 41/47 available (87.2%)
2025-10-02 10:42:52,222 - INFO - Checking data consistency...
2025-10-02 10:42:52,224 - INFO - Comprehensive report generated: comprehensive_sanity_report.md
2025-10-02 10:43:22,084 - INFO - Starting comprehensive data sanity check...
2025-10-02 10:43:22,085 - INFO - Checking database connectivity...
2025-10-02 10:43:22,086 - INFO - ✅ All required tables present
2025-10-02 10:43:22,086 - INFO - Checking table structure...
2025-10-02 10:43:22,086 - INFO - ✅ All critical columns present
2025-10-02 10:43:22,086 - INFO - Checking data completeness...
2025-10-02 10:43:22,089 - INFO - Checking data quality...
2025-10-02 10:43:22,089 - INFO - ✅ Data quality checks passed
2025-10-02 10:43:22,089 - INFO - Checking analysis readiness...
2025-10-02 10:43:22,090 - INFO - ✅ Analysis readiness check complete: 652 meaningful players, 30 teams
2025-10-02 10:43:22,090 - INFO - Checking canonical metrics availability...
2025-10-02 10:43:22,091 - INFO - ✅ Canonical metrics check: 41/47 available (87.2%)
2025-10-02 10:43:22,091 - INFO - Checking data consistency...
2025-10-02 10:43:22,092 - INFO - ✅ No orphaned records found
2025-10-02 10:43:22,093 - INFO - Comprehensive report generated: comprehensive_sanity_report.md
2025-10-02 10:43:43,474 - INFO - Starting comprehensive data sanity check...
2025-10-02 10:43:43,474 - INFO - Checking database connectivity...
2025-10-02 10:43:43,475 - INFO - ✅ All required tables present
2025-10-02 10:43:43,475 - INFO - Checking table structure...
2025-10-02 10:43:43,475 - INFO - ✅ All critical columns present
2025-10-02 10:43:43,475 - INFO - Checking data completeness...
2025-10-02 10:43:43,479 - INFO - Checking data quality...
2025-10-02 10:43:43,482 - INFO - ✅ Data quality checks passed
2025-10-02 10:43:43,482 - INFO - Checking analysis readiness...
2025-10-02 10:43:43,483 - INFO - ✅ Analysis readiness check complete: 652 meaningful players, 30 teams
2025-10-02 10:43:43,483 - INFO - Checking canonical metrics availability...
2025-10-02 10:43:43,484 - INFO - ✅ Canonical metrics check: 41/47 available (87.2%)
2025-10-02 10:43:43,484 - INFO - Checking data consistency...
2025-10-02 10:43:43,485 - INFO - ✅ No orphaned records found
2025-10-02 10:43:43,485 - INFO - Comprehensive report generated: comprehensive_sanity_report.md
2025-10-02 10:43:46,125 - INFO - Starting comprehensive data sanity check...
2025-10-02 10:43:46,125 - INFO - Checking database connectivity...
2025-10-02 10:43:46,128 - INFO - ✅ All required tables present
2025-10-02 10:43:46,128 - INFO - Checking table structure...
2025-10-02 10:43:46,129 - INFO - ✅ All critical columns present
2025-10-02 10:43:46,129 - INFO - Checking data completeness...
2025-10-02 10:43:46,130 - INFO - Checking data quality...
2025-10-02 10:43:46,131 - INFO - ✅ Data quality checks passed
2025-10-02 10:43:46,131 - INFO - Checking analysis readiness...
2025-10-02 10:43:46,134 - INFO - ✅ Analysis readiness check complete: 652 meaningful players, 30 teams
2025-10-02 10:43:46,134 - INFO - Checking canonical metrics availability...
2025-10-02 10:43:46,135 - INFO - ✅ Canonical metrics check: 41/47 available (87.2%)
2025-10-02 10:43:46,135 - INFO - Checking data consistency...
2025-10-02 10:43:46,135 - INFO - ✅ No orphaned records found
2025-10-02 10:43:46,135 - INFO - Comprehensive report generated: comprehensive_sanity_report.md
2025-10-02 10:44:01,520 - INFO - Starting comprehensive data sanity check...
2025-10-02 10:44:01,521 - INFO - Checking database connectivity...
2025-10-02 10:44:01,523 - INFO - ✅ All required tables present
2025-10-02 10:44:01,523 - INFO - Checking table structure...
2025-10-02 10:44:01,524 - INFO - ✅ All critical columns present
2025-10-02 10:44:01,524 - INFO - Checking data completeness...
2025-10-02 10:44:01,526 - ERROR - Data completeness check failed: no such column: season
2025-10-02 10:44:01,526 - INFO - Checking data quality...
2025-10-02 10:44:01,528 - INFO - ✅ Data quality checks passed
2025-10-02 10:44:01,528 - INFO - Checking analysis readiness...
2025-10-02 10:44:01,529 - INFO - ✅ Analysis readiness check complete: 652 meaningful players, 30 teams
2025-10-02 10:44:01,529 - INFO - Checking canonical metrics availability...
2025-10-02 10:44:01,530 - INFO - ✅ Canonical metrics check: 41/47 available (87.2%)
2025-10-02 10:44:01,530 - INFO - Checking data consistency...
2025-10-02 10:44:01,531 - INFO - ✅ No orphaned records found
2025-10-02 10:44:01,532 - INFO - Comprehensive report generated: comprehensive_sanity_report.md
2025-10-02 10:44:12,749 - INFO - Starting comprehensive data sanity check...
2025-10-02 10:44:12,749 - INFO - Checking database connectivity...
2025-10-02 10:44:12,752 - INFO - ✅ All required tables present
2025-10-02 10:44:12,753 - INFO - Checking table structure...
2025-10-02 10:44:12,753 - INFO - ✅ All critical columns present
2025-10-02 10:44:12,753 - INFO - Checking data completeness...
2025-10-02 10:44:12,754 - INFO - PlayerSeasonRawStats columns: ['player_id', 'season', 'team_id', 'games_played', 'games_started', 'minutes_played', 'field_goals_made', 'field_goals_attempted', 'field_goal_percentage', 'three_pointers_made', 'three_pointers_attempted', 'three_point_percentage', 'free_throws_made', 'free_throws_attempted', 'free_throw_percentage', 'offensive_rebounds', 'defensive_rebounds', 'total_rebounds', 'assists', 'steals', 'blocks', 'turnovers', 'personal_fouls', 'points', 'plus_minus', 'created_at', 'updated_at', 'avg_shot_distance']
2025-10-02 10:44:12,757 - ERROR - Data completeness check failed: no such column: season
2025-10-02 10:44:12,757 - INFO - Checking data quality...
2025-10-02 10:44:12,760 - INFO - ✅ Data quality checks passed
2025-10-02 10:44:12,760 - INFO - Checking analysis readiness...
2025-10-02 10:44:12,761 - INFO - ✅ Analysis readiness check complete: 652 meaningful players, 30 teams
2025-10-02 10:44:12,761 - INFO - Checking canonical metrics availability...
2025-10-02 10:44:12,762 - INFO - ✅ Canonical metrics check: 41/47 available (87.2%)
2025-10-02 10:44:12,762 - INFO - Checking data consistency...
2025-10-02 10:44:12,764 - INFO - ✅ No orphaned records found
2025-10-02 10:44:12,765 - INFO - Comprehensive report generated: comprehensive_sanity_report.md
2025-10-02 10:44:29,620 - INFO - Starting comprehensive data sanity check...
2025-10-02 10:44:29,620 - INFO - Checking database connectivity...
2025-10-02 10:44:29,622 - INFO - ✅ All required tables present
2025-10-02 10:44:29,622 - INFO - Checking table structure...
2025-10-02 10:44:29,624 - INFO - ✅ All critical columns present
2025-10-02 10:44:29,624 - INFO - Checking data completeness...
2025-10-02 10:44:29,624 - INFO - PlayerSeasonRawStats columns: ['player_id', 'season', 'team_id', 'games_played', 'games_started', 'minutes_played', 'field_goals_made', 'field_goals_attempted', 'field_goal_percentage', 'three_pointers_made', 'three_pointers_attempted', 'three_point_percentage', 'free_throws_made', 'free_throws_attempted', 'free_throw_percentage', 'offensive_rebounds', 'defensive_rebounds', 'total_rebounds', 'assists', 'steals', 'blocks', 'turnovers', 'personal_fouls', 'points', 'plus_minus', 'created_at', 'updated_at', 'avg_shot_distance']
2025-10-02 10:44:29,627 - ERROR - Data completeness check failed: no such column: season
2025-10-02 10:44:29,627 - INFO - Checking data quality...
2025-10-02 10:44:29,629 - INFO - ✅ Data quality checks passed
2025-10-02 10:44:29,629 - INFO - Checking analysis readiness...
2025-10-02 10:44:29,630 - INFO - ✅ Analysis readiness check complete: 652 meaningful players, 30 teams
2025-10-02 10:44:29,630 - INFO - Checking canonical metrics availability...
2025-10-02 10:44:29,631 - INFO - ✅ Canonical metrics check: 41/47 available (87.2%)
2025-10-02 10:44:29,631 - INFO - Checking data consistency...
2025-10-02 10:44:29,632 - INFO - ✅ No orphaned records found
2025-10-02 10:44:29,634 - INFO - Comprehensive report generated: comprehensive_sanity_report.md
2025-10-02 10:44:46,256 - INFO - Starting comprehensive data sanity check...
2025-10-02 10:44:46,256 - INFO - Checking database connectivity...
2025-10-02 10:44:46,259 - INFO - ✅ All required tables present
2025-10-02 10:44:46,259 - INFO - Checking table structure...
2025-10-02 10:44:46,259 - INFO - ✅ All critical columns present
2025-10-02 10:44:46,259 - INFO - Checking data completeness...
2025-10-02 10:44:46,260 - INFO - PlayerSeasonRawStats columns: ['player_id', 'season', 'team_id', 'games_played', 'games_started', 'minutes_played', 'field_goals_made', 'field_goals_attempted', 'field_goal_percentage', 'three_pointers_made', 'three_pointers_attempted', 'three_point_percentage', 'free_throws_made', 'free_throws_attempted', 'free_throw_percentage', 'offensive_rebounds', 'defensive_rebounds', 'total_rebounds', 'assists', 'steals', 'blocks', 'turnovers', 'personal_fouls', 'points', 'plus_minus', 'created_at', 'updated_at', 'avg_shot_distance']
2025-10-02 10:44:46,260 - INFO - Testing basic query...
2025-10-02 10:44:46,260 - INFO - Total rows in PlayerSeasonRawStats: 710
2025-10-02 10:44:46,260 - INFO - Testing season filter...
2025-10-02 10:44:46,261 - INFO - Rows with season '2024-25': 710
2025-10-02 10:44:46,264 - ERROR - Data completeness check failed: no such column: season
2025-10-02 10:44:46,264 - INFO - Checking data quality...
2025-10-02 10:44:46,267 - INFO - ✅ Data quality checks passed
2025-10-02 10:44:46,267 - INFO - Checking analysis readiness...
2025-10-02 10:44:46,268 - INFO - ✅ Analysis readiness check complete: 652 meaningful players, 30 teams
2025-10-02 10:44:46,268 - INFO - Checking canonical metrics availability...
2025-10-02 10:44:46,269 - INFO - ✅ Canonical metrics check: 41/47 available (87.2%)
2025-10-02 10:44:46,269 - INFO - Checking data consistency...
2025-10-02 10:44:46,270 - INFO - ✅ No orphaned records found
2025-10-02 10:44:46,270 - INFO - Comprehensive report generated: comprehensive_sanity_report.md
2025-10-02 10:45:03,580 - INFO - Starting comprehensive data sanity check...
2025-10-02 10:45:03,580 - INFO - Checking database connectivity...
2025-10-02 10:45:03,583 - INFO - ✅ All required tables present
2025-10-02 10:45:03,583 - INFO - Checking table structure...
2025-10-02 10:45:03,584 - INFO - ✅ All critical columns present
2025-10-02 10:45:03,584 - INFO - Checking data completeness...
2025-10-02 10:45:03,584 - INFO - PlayerSeasonRawStats columns: ['player_id', 'season', 'team_id', 'games_played', 'games_started', 'minutes_played', 'field_goals_made', 'field_goals_attempted', 'field_goal_percentage', 'three_pointers_made', 'three_pointers_attempted', 'three_point_percentage', 'free_throws_made', 'free_throws_attempted', 'free_throw_percentage', 'offensive_rebounds', 'defensive_rebounds', 'total_rebounds', 'assists', 'steals', 'blocks', 'turnovers', 'personal_fouls', 'points', 'plus_minus', 'created_at', 'updated_at', 'avg_shot_distance']
2025-10-02 10:45:03,584 - INFO - Testing basic query...
2025-10-02 10:45:03,585 - INFO - Total rows in PlayerSeasonRawStats: 710
2025-10-02 10:45:03,585 - INFO - Testing season filter...
2025-10-02 10:45:03,585 - INFO - Rows with season '2024-25': 710
2025-10-02 10:45:03,589 - INFO - ✅ Data completeness check complete: 710 raw stats, 540 advanced stats
2025-10-02 10:45:03,589 - INFO - Checking data quality...
2025-10-02 10:45:03,591 - INFO - ✅ Data quality checks passed
2025-10-02 10:45:03,591 - INFO - Checking analysis readiness...
2025-10-02 10:45:03,592 - INFO - ✅ Analysis readiness check complete: 652 meaningful players, 30 teams
2025-10-02 10:45:03,592 - INFO - Checking canonical metrics availability...
2025-10-02 10:45:03,593 - INFO - ✅ Canonical metrics check: 41/47 available (87.2%)
2025-10-02 10:45:03,593 - INFO - Checking data consistency...
2025-10-02 10:45:03,594 - INFO - ✅ No orphaned records found
2025-10-02 10:45:03,595 - INFO - Comprehensive report generated: comprehensive_sanity_report.md
