2025-10-03 11:21:05,973 - INFO - Starting comprehensive data audit...
2025-10-03 11:21:05,974 - INFO - Connected to database: src/nba_stats/db/nba_stats.db
2025-10-03 11:21:05,974 - INFO - Starting comprehensive audit of PlayerArchetypeFeatures table...
2025-10-03 11:21:05,977 - INFO - Found 49 columns in PlayerArchetypeFeatures
2025-10-03 11:21:05,980 - INFO - Total players in 2024-25 season: 311
2025-10-03 11:21:05,980 - INFO - Canonical metrics found in table: 47/47
2025-10-03 11:21:05,980 - INFO - Missing canonical metrics: []
2025-10-03 11:21:05,980 - INFO - Auditing metric: FTPCT
2025-10-03 11:21:05,980 - INFO -   FTPCT: 99.0% populated, 1.0% zeros
2025-10-03 11:21:05,980 - INFO - Auditing metric: TSPCT
2025-10-03 11:21:05,980 - INFO -   TSPCT: 100.0% populated, 0.0% zeros
2025-10-03 11:21:05,981 - INFO - Auditing metric: THPAr
2025-10-03 11:21:05,981 - INFO -   THPAr: 97.4% populated, 2.6% zeros
2025-10-03 11:21:05,981 - INFO - Auditing metric: FTr
2025-10-03 11:21:05,981 - INFO -   FTr: 98.1% populated, 1.9% zeros
2025-10-03 11:21:05,981 - INFO - Auditing metric: TRBPCT
2025-10-03 11:21:05,981 - INFO -   TRBPCT: 100.0% populated, 0.0% zeros
2025-10-03 11:21:05,981 - INFO - Auditing metric: ASTPCT
2025-10-03 11:21:05,981 - INFO -   ASTPCT: 99.7% populated, 0.3% zeros
2025-10-03 11:21:05,981 - INFO - Auditing metric: AVGDIST
2025-10-03 11:21:05,981 - INFO -   AVGDIST: 29.6% populated, 70.4% zeros
2025-10-03 11:21:05,981 - INFO - Auditing metric: Zto3r
2025-10-03 11:21:05,981 - INFO -   Zto3r: 29.3% populated, 70.7% zeros
2025-10-03 11:21:05,981 - INFO - Auditing metric: THto10r
2025-10-03 11:21:05,981 - INFO -   THto10r: 29.3% populated, 70.7% zeros
2025-10-03 11:21:05,981 - INFO - Auditing metric: TENto16r
2025-10-03 11:21:05,981 - INFO -   TENto16r: 27.0% populated, 73.0% zeros
2025-10-03 11:21:05,981 - INFO - Auditing metric: SIXTto3PTr
2025-10-03 11:21:05,981 - INFO -   SIXTto3PTr: 28.3% populated, 71.7% zeros
2025-10-03 11:21:05,981 - INFO - Auditing metric: HEIGHT
2025-10-03 11:21:05,982 - INFO -   HEIGHT: 57.2% populated, 42.8% zeros
2025-10-03 11:21:05,982 - INFO - Auditing metric: WINGSPAN
2025-10-03 11:21:05,982 - INFO -   WINGSPAN: 69.8% populated, 30.2% zeros
2025-10-03 11:21:05,982 - INFO - Auditing metric: FRNTCTTCH
2025-10-03 11:21:05,982 - INFO -   FRNTCTTCH: 0.0% populated, 100.0% zeros
2025-10-03 11:21:05,982 - INFO - Auditing metric: TOP
2025-10-03 11:21:05,982 - INFO -   TOP: 0.0% populated, 100.0% zeros
2025-10-03 11:21:05,982 - INFO - Auditing metric: AVGSECPERTCH
2025-10-03 11:21:05,982 - INFO -   AVGSECPERTCH: 0.0% populated, 100.0% zeros
2025-10-03 11:21:05,982 - INFO - Auditing metric: AVGDRIBPERTCH
2025-10-03 11:21:05,982 - INFO -   AVGDRIBPERTCH: 0.0% populated, 100.0% zeros
2025-10-03 11:21:05,982 - INFO - Auditing metric: ELBWTCH
2025-10-03 11:21:05,982 - INFO -   ELBWTCH: 0.0% populated, 100.0% zeros
2025-10-03 11:21:05,982 - INFO - Auditing metric: POSTUPS
2025-10-03 11:21:05,982 - INFO -   POSTUPS: 0.0% populated, 100.0% zeros
2025-10-03 11:21:05,982 - INFO - Auditing metric: PNTTOUCH
2025-10-03 11:21:05,982 - INFO -   PNTTOUCH: 0.0% populated, 100.0% zeros
2025-10-03 11:21:05,982 - INFO - Auditing metric: DRIVES
2025-10-03 11:21:05,982 - INFO -   DRIVES: 0.0% populated, 100.0% zeros
2025-10-03 11:21:05,982 - INFO - Auditing metric: DRFGA
2025-10-03 11:21:05,983 - INFO -   DRFGA: 0.0% populated, 100.0% zeros
2025-10-03 11:21:05,983 - INFO - Auditing metric: DRPTSPCT
2025-10-03 11:21:05,983 - INFO -   DRPTSPCT: 0.0% populated, 100.0% zeros
2025-10-03 11:21:05,983 - INFO - Auditing metric: DRPASSPCT
2025-10-03 11:21:05,983 - INFO -   DRPASSPCT: 0.0% populated, 100.0% zeros
2025-10-03 11:21:05,983 - INFO - Auditing metric: DRASTPCT
2025-10-03 11:21:05,983 - INFO -   DRASTPCT: 0.0% populated, 100.0% zeros
2025-10-03 11:21:05,983 - INFO - Auditing metric: DRTOVPCT
2025-10-03 11:21:05,983 - INFO -   DRTOVPCT: 0.0% populated, 100.0% zeros
2025-10-03 11:21:05,983 - INFO - Auditing metric: DRPFPCT
2025-10-03 11:21:05,983 - INFO -   DRPFPCT: 0.0% populated, 100.0% zeros
2025-10-03 11:21:05,983 - INFO - Auditing metric: DRIMFGPCT
2025-10-03 11:21:05,983 - INFO -   DRIMFGPCT: 0.0% populated, 100.0% zeros
2025-10-03 11:21:05,983 - INFO - Auditing metric: CSFGA
2025-10-03 11:21:05,983 - INFO -   CSFGA: 99.4% populated, 0.6% zeros
2025-10-03 11:21:05,983 - INFO - Auditing metric: CS3PA
2025-10-03 11:21:05,983 - INFO -   CS3PA: 94.9% populated, 5.1% zeros
2025-10-03 11:21:05,983 - INFO - Auditing metric: PASSESMADE
2025-10-03 11:21:05,983 - INFO -   PASSESMADE: 0.0% populated, 100.0% zeros
2025-10-03 11:21:05,983 - INFO - Auditing metric: SECAST
2025-10-03 11:21:05,984 - INFO -   SECAST: 0.0% populated, 100.0% zeros
2025-10-03 11:21:05,984 - INFO - Auditing metric: POTAST
2025-10-03 11:21:05,984 - INFO -   POTAST: 0.0% populated, 100.0% zeros
2025-10-03 11:21:05,984 - INFO - Auditing metric: PUFGA
2025-10-03 11:21:05,984 - INFO -   PUFGA: 0.0% populated, 100.0% zeros
2025-10-03 11:21:05,984 - INFO - Auditing metric: PU3PA
2025-10-03 11:21:05,984 - INFO -   PU3PA: 0.0% populated, 100.0% zeros
2025-10-03 11:21:05,984 - INFO - Auditing metric: PSTUPFGA
2025-10-03 11:21:05,984 - INFO -   PSTUPFGA: 0.0% populated, 100.0% zeros
2025-10-03 11:21:05,984 - INFO - Auditing metric: PSTUPPTSPCT
2025-10-03 11:21:05,984 - INFO -   PSTUPPTSPCT: 0.0% populated, 100.0% zeros
2025-10-03 11:21:05,984 - INFO - Auditing metric: PSTUPPASSPCT
2025-10-03 11:21:05,984 - INFO -   PSTUPPASSPCT: 0.0% populated, 100.0% zeros
2025-10-03 11:21:05,984 - INFO - Auditing metric: PSTUPASTPCT
2025-10-03 11:21:05,984 - INFO -   PSTUPASTPCT: 0.0% populated, 100.0% zeros
2025-10-03 11:21:05,984 - INFO - Auditing metric: PSTUPTOVPCT
2025-10-03 11:21:05,984 - INFO -   PSTUPTOVPCT: 0.0% populated, 100.0% zeros
2025-10-03 11:21:05,984 - INFO - Auditing metric: PNTTCHS
2025-10-03 11:21:05,984 - INFO -   PNTTCHS: 0.0% populated, 100.0% zeros
2025-10-03 11:21:05,984 - INFO - Auditing metric: PNTFGA
2025-10-03 11:21:05,984 - INFO -   PNTFGA: 0.0% populated, 100.0% zeros
2025-10-03 11:21:05,984 - INFO - Auditing metric: PNTPTSPCT
2025-10-03 11:21:05,985 - INFO -   PNTPTSPCT: 0.0% populated, 100.0% zeros
2025-10-03 11:21:05,985 - INFO - Auditing metric: PNTPASSPCT
2025-10-03 11:21:05,985 - INFO -   PNTPASSPCT: 0.0% populated, 100.0% zeros
2025-10-03 11:21:05,985 - INFO - Auditing metric: PNTASTPCT
2025-10-03 11:21:05,985 - INFO -   PNTASTPCT: 0.0% populated, 100.0% zeros
2025-10-03 11:21:05,985 - INFO - Auditing metric: PNTTVPCT
2025-10-03 11:21:05,985 - INFO -   PNTTVPCT: 0.0% populated, 100.0% zeros
2025-10-03 11:21:05,985 - INFO - Auditing metric: AVGFGATTEMPTEDAGAINSTPERGAME
2025-10-03 11:21:05,985 - INFO -   AVGFGATTEMPTEDAGAINSTPERGAME: 0.0% populated, 100.0% zeros
2025-10-03 11:21:05,985 - INFO - Generating comprehensive audit report...
2025-10-03 11:21:05,985 - INFO - Auditing related tables...
2025-10-03 11:21:05,988 - INFO -   Players: 5025 rows
2025-10-03 11:21:05,988 - INFO -   PlayerSeasonArchetypes: 270 rows
2025-10-03 11:21:05,989 - INFO -   PlayerSeasonSkill: 534 rows
2025-10-03 11:21:06,011 - INFO -   PlayerShotChart: 37891 rows
2025-10-03 11:21:06,011 - INFO -   PlayerSeasonRawStats: 710 rows
2025-10-03 11:21:06,011 - INFO -   PlayerSeasonAdvancedStats: 540 rows
2025-10-03 11:21:06,012 - INFO - Audit report saved to: audit_reports/comprehensive_data_audit_20251003_112105.json
2025-10-03 11:21:06,012 - INFO - Human-readable summary saved to: audit_reports/comprehensive_data_audit_20251003_112105.md
2025-10-03 11:21:06,012 - INFO - Data audit completed successfully!
2025-10-03 11:21:06,012 - INFO - Report saved to: audit_reports/comprehensive_data_audit_20251003_112105.json
