2025-10-03 15:28:24,096 - INFO - Starting lineup feature engineering...
2025-10-03 15:28:24,096 - INFO - LineupFeatureEngineer initialized
2025-10-03 15:28:24,096 - INFO - Starting lineup feature engineering for season 2024-25...
2025-10-03 15:28:24,096 - INFO - Connected to database: src/nba_stats/db/nba_stats.db
2025-10-03 15:28:24,097 - INFO - Loading lineup data for season 2024-25...
2025-10-03 15:28:24,131 - INFO - Loaded 2000 lineups with playing time
2025-10-03 15:28:24,131 - INFO - Calculating weighted lineup metrics...
2025-10-03 15:28:24,133 - INFO - Calculated 18 weighted metrics
2025-10-03 15:28:24,133 - INFO - Normalizing weighted metrics by total minutes...
2025-10-03 15:28:24,135 - INFO - Normalized weighted metrics
2025-10-03 15:28:24,135 - INFO - Creating archetype lineup mapping...
2025-10-03 15:28:24,135 - INFO - Created archetype lineup mapping (placeholder)
2025-10-03 15:28:24,135 - INFO - Aggregating metrics by archetype lineup...
2025-10-03 15:28:24,142 - INFO - Aggregated to 1 unique archetype lineups
2025-10-03 15:28:24,142 - INFO - Saving lineup features to lineup_features_20251003_152824.csv...
2025-10-03 15:28:24,144 - INFO - Saved 1 lineup features to lineup_features_20251003_152824.csv
2025-10-03 15:28:24,144 - INFO - Generating feature report...
2025-10-03 15:28:24,146 - INFO - Lineup feature engineering completed successfully
2025-10-03 15:28:24,146 - INFO - Output file: lineup_features_20251003_152824.csv
2025-10-03 15:28:24,146 - INFO - Report file: lineup_feature_report_20251003_152824.json
2025-10-03 15:28:58,691 - INFO - Starting lineup feature engineering...
2025-10-03 15:28:58,691 - INFO - LineupFeatureEngineer initialized
2025-10-03 15:28:58,691 - INFO - Starting lineup feature engineering for season 2024-25...
2025-10-03 15:28:58,691 - INFO - Connected to database: src/nba_stats/db/nba_stats.db
2025-10-03 15:28:58,691 - INFO - Loading lineup data for season 2024-25...
2025-10-03 15:28:58,723 - INFO - Loaded 2000 lineups with playing time
2025-10-03 15:28:58,723 - INFO - Calculating weighted lineup metrics...
2025-10-03 15:28:58,725 - INFO - Calculated 18 weighted metrics
2025-10-03 15:28:58,725 - INFO - Normalizing weighted metrics by total minutes...
2025-10-03 15:28:58,727 - INFO - Normalized weighted metrics
2025-10-03 15:28:58,727 - INFO - Creating archetype lineup mapping...
2025-10-03 15:28:58,730 - INFO - Loaded archetype mappings for 270 players
2025-10-03 15:28:58,758 - INFO - Created 1 unique archetype lineups
2025-10-03 15:28:58,759 - INFO - Aggregating metrics by archetype lineup...
2025-10-03 15:28:58,762 - INFO - Aggregated to 1 unique archetype lineups
2025-10-03 15:28:58,762 - INFO - Saving lineup features to lineup_features_20251003_152858.csv...
2025-10-03 15:28:58,764 - INFO - Saved 1 lineup features to lineup_features_20251003_152858.csv
2025-10-03 15:28:58,764 - INFO - Generating feature report...
2025-10-03 15:28:58,767 - INFO - Lineup feature engineering completed successfully
2025-10-03 15:28:58,767 - INFO - Output file: lineup_features_20251003_152858.csv
2025-10-03 15:28:58,767 - INFO - Report file: lineup_feature_report_20251003_152858.json
2025-10-03 15:29:29,514 - INFO - Starting lineup feature engineering...
2025-10-03 15:29:29,514 - INFO - LineupFeatureEngineer initialized
2025-10-03 15:29:29,514 - INFO - Starting lineup feature engineering for season 2024-25...
2025-10-03 15:29:29,515 - INFO - Connected to database: src/nba_stats/db/nba_stats.db
2025-10-03 15:29:29,515 - INFO - Loading lineup data for season 2024-25...
2025-10-03 15:29:29,547 - INFO - Loaded 2000 lineups with playing time
2025-10-03 15:29:29,547 - INFO - Calculating weighted lineup metrics...
2025-10-03 15:29:29,550 - INFO - Calculated 18 weighted metrics
2025-10-03 15:29:29,550 - INFO - Normalizing weighted metrics by total minutes...
2025-10-03 15:29:29,551 - INFO - Normalized weighted metrics
2025-10-03 15:29:29,552 - INFO - Creating archetype lineup mapping...
2025-10-03 15:29:29,554 - INFO - Loaded archetype mappings for 270 players
2025-10-03 15:29:34,944 - INFO - Matched 2866 players, 7134 unmatched
2025-10-03 15:29:34,950 - INFO - Created 35 unique archetype lineups
2025-10-03 15:29:34,954 - INFO - Aggregating metrics by archetype lineup...
2025-10-03 15:29:34,961 - INFO - Aggregated to 35 unique archetype lineups
2025-10-03 15:29:34,961 - INFO - Saving lineup features to lineup_features_20251003_152934.csv...
2025-10-03 15:29:34,968 - INFO - Saved 35 lineup features to lineup_features_20251003_152934.csv
2025-10-03 15:29:34,968 - INFO - Generating feature report...
2025-10-03 15:29:34,970 - INFO - Lineup feature engineering completed successfully
2025-10-03 15:29:34,970 - INFO - Output file: lineup_features_20251003_152934.csv
2025-10-03 15:29:34,970 - INFO - Report file: lineup_feature_report_20251003_152934.json
2025-10-03 15:32:15,370 - INFO - Starting lineup feature engineering...
2025-10-03 15:32:15,370 - INFO - LineupFeatureEngineer initialized
2025-10-03 15:32:15,370 - INFO - Starting lineup feature engineering for season 2024-25...
2025-10-03 15:32:15,371 - INFO - Connected to database: src/nba_stats/db/nba_stats.db
2025-10-03 15:32:15,371 - INFO - Loading lineup data for season 2024-25...
2025-10-03 15:32:15,403 - INFO - Loaded 2000 lineups with playing time
2025-10-03 15:32:15,403 - INFO - Calculating weighted lineup metrics...
2025-10-03 15:32:15,405 - INFO - Calculated 18 weighted metrics
2025-10-03 15:32:15,405 - INFO - Normalizing weighted metrics by total minutes...
2025-10-03 15:32:15,406 - INFO - Normalized weighted metrics
2025-10-03 15:32:15,406 - INFO - Creating archetype lineup mapping...
2025-10-03 15:32:15,409 - INFO - Loaded archetype mappings for 270 players
2025-10-03 15:32:22,542 - INFO - Matched 8743 players, 1257 unmatched
2025-10-03 15:32:22,544 - INFO - Created 75 unique archetype lineups
2025-10-03 15:32:22,545 - INFO - Aggregating metrics by archetype lineup...
2025-10-03 15:32:22,548 - INFO - Aggregated to 75 unique archetype lineups
2025-10-03 15:32:22,548 - INFO - Saving lineup features to lineup_features_20251003_153222.csv...
2025-10-03 15:32:22,552 - INFO - Saved 75 lineup features to lineup_features_20251003_153222.csv
2025-10-03 15:32:22,552 - INFO - Generating feature report...
2025-10-03 15:32:22,554 - INFO - Lineup feature engineering completed successfully
2025-10-03 15:32:22,554 - INFO - Output file: lineup_features_20251003_153222.csv
2025-10-03 15:32:22,554 - INFO - Report file: lineup_feature_report_20251003_153222.json
