2025-10-03 15:30:42,832 - INFO - Starting lineup supercluster generation v2...
2025-10-03 15:30:42,832 - INFO - LineupSuperclusterGeneratorV2 initialized
2025-10-03 15:30:42,832 - INFO - Generating final lineup supercluster report...
2025-10-03 15:30:42,832 - INFO - Connected to database: src/nba_stats/db/nba_stats.db
2025-10-03 15:30:42,833 - INFO - Loading lineup features from lineup_features_20251003_152934.csv...
2025-10-03 15:30:42,834 - INFO - Loaded 35 lineup feature records
2025-10-03 15:30:42,834 - INFO - Preparing features for clustering...
2025-10-03 15:30:42,835 - INFO - Prepared 18 features for clustering
2025-10-03 15:30:42,835 - INFO - Finding optimal number of lineup superclusters...
2025-10-03 15:30:42,844 - INFO - PCA reduced 18 features to 3 components
2025-10-03 15:30:42,844 - INFO - Variance explained: 0.929
2025-10-03 15:30:42,879 - INFO - k=2: Silhouette=0.655, Calinski-Harabasz=49.545, Davies-Bouldin=0.690, Inertia=233.963
2025-10-03 15:30:42,883 - INFO - k=3: Silhouette=0.640, Calinski-Harabasz=41.287, Davies-Bouldin=0.513, Inertia=163.451
2025-10-03 15:30:42,888 - INFO - k=4: Silhouette=0.464, Calinski-Harabasz=43.837, Davies-Bouldin=0.632, Inertia=111.636
2025-10-03 15:30:42,894 - INFO - k=5: Silhouette=0.331, Calinski-Harabasz=48.391, Davies-Bouldin=0.675, Inertia=78.532
2025-10-03 15:30:42,899 - INFO - k=6: Silhouette=0.352, Calinski-Harabasz=52.560, Davies-Bouldin=0.582, Inertia=58.162
2025-10-03 15:30:42,909 - INFO - k=7: Silhouette=0.358, Calinski-Harabasz=58.241, Davies-Bouldin=0.606, Inertia=43.414
2025-10-03 15:30:42,917 - INFO - k=8: Silhouette=0.346, Calinski-Harabasz=69.991, Davies-Bouldin=0.488, Inertia=30.567
2025-10-03 15:30:42,924 - INFO - k=9: Silhouette=0.365, Calinski-Harabasz=82.695, Davies-Bouldin=0.431, Inertia=22.130
2025-10-03 15:30:42,933 - INFO - k=10: Silhouette=0.354, Calinski-Harabasz=91.715, Davies-Bouldin=0.377, Inertia=17.204
2025-10-03 15:30:42,933 - INFO - Optimal k: 10
2025-10-03 15:30:42,933 - INFO -   Silhouette: 2
2025-10-03 15:30:42,933 - INFO -   Calinski-Harabasz: 10
2025-10-03 15:30:42,933 - INFO -   Davies-Bouldin: 10
2025-10-03 15:30:42,933 - INFO -   Inertia: 5
2025-10-03 15:30:42,934 - INFO - Generating final lineup superclusters with k=10...
2025-10-03 15:30:42,941 - INFO - Supercluster generation completed: 10 superclusters, Silhouette=0.354, Calinski-Harabasz=91.715, Davies-Bouldin=0.377
2025-10-03 15:30:42,941 - INFO - Saving models and results to lineup_supercluster_models_v2_20251003_153042...
2025-10-03 15:30:42,944 - INFO - Models and results saved to lineup_supercluster_models_v2_20251003_153042
2025-10-03 15:32:27,341 - INFO - Starting lineup supercluster generation v2...
2025-10-03 15:32:27,342 - INFO - LineupSuperclusterGeneratorV2 initialized
2025-10-03 15:32:27,342 - INFO - Generating final lineup supercluster report...
2025-10-03 15:32:27,342 - INFO - Connected to database: src/nba_stats/db/nba_stats.db
2025-10-03 15:32:27,342 - INFO - Loading lineup features from lineup_features_20251003_153222.csv...
2025-10-03 15:32:27,344 - INFO - Loaded 75 lineup feature records
2025-10-03 15:32:27,344 - INFO - Preparing features for clustering...
2025-10-03 15:32:27,344 - INFO - Prepared 18 features for clustering
2025-10-03 15:32:27,344 - INFO - Finding optimal number of lineup superclusters...
2025-10-03 15:32:27,346 - INFO - PCA reduced 18 features to 3 components
2025-10-03 15:32:27,346 - INFO - Variance explained: 0.909
2025-10-03 15:32:27,370 - INFO - k=2: Silhouette=0.807, Calinski-Harabasz=75.415, Davies-Bouldin=0.686, Inertia=603.818
2025-10-03 15:32:27,374 - INFO - k=3: Silhouette=0.519, Calinski-Harabasz=80.564, Davies-Bouldin=0.623, Inertia=379.138
2025-10-03 15:32:27,378 - INFO - k=4: Silhouette=0.439, Calinski-Harabasz=119.202, Davies-Bouldin=0.528, Inertia=203.357
2025-10-03 15:32:27,383 - INFO - k=5: Silhouette=0.432, Calinski-Harabasz=136.103, Davies-Bouldin=0.587, Inertia=139.862
2025-10-03 15:32:27,387 - INFO - k=6: Silhouette=0.449, Calinski-Harabasz=185.474, Davies-Bouldin=0.452, Inertia=85.014
2025-10-03 15:32:27,393 - INFO - k=7: Silhouette=0.404, Calinski-Harabasz=191.632, Davies-Bouldin=0.524, Inertia=68.548
2025-10-03 15:32:27,398 - INFO - k=8: Silhouette=0.383, Calinski-Harabasz=206.798, Davies-Bouldin=0.560, Inertia=54.305
2025-10-03 15:32:27,405 - INFO - k=9: Silhouette=0.404, Calinski-Harabasz=226.089, Davies-Bouldin=0.464, Inertia=43.218
2025-10-03 15:32:27,417 - INFO - k=10: Silhouette=0.357, Calinski-Harabasz=238.856, Davies-Bouldin=0.521, Inertia=36.029
2025-10-03 15:32:27,417 - INFO - Using k=6 as specified in the research paper
2025-10-03 15:32:27,417 - INFO - Statistical metrics suggested k=2, but using k=6 per paper
2025-10-03 15:32:27,417 - INFO - Optimal k: 6
2025-10-03 15:32:27,417 - INFO -   Silhouette: 2
2025-10-03 15:32:27,417 - INFO -   Calinski-Harabasz: 10
2025-10-03 15:32:27,417 - INFO -   Davies-Bouldin: 6
2025-10-03 15:32:27,417 - INFO -   Inertia: 4
2025-10-03 15:32:27,417 - INFO - Generating final lineup superclusters with k=6...
2025-10-03 15:32:27,422 - INFO - Supercluster generation completed: 6 superclusters, Silhouette=0.449, Calinski-Harabasz=185.474, Davies-Bouldin=0.452
2025-10-03 15:32:27,422 - INFO - Saving models and results to lineup_supercluster_models_v2_20251003_153227...
2025-10-03 15:32:27,424 - INFO - Models and results saved to lineup_supercluster_models_v2_20251003_153227
