2025-10-01 09:11:12,713 - INFO - Starting population for season 2020-21
2025-10-01 09:11:12,713 - INFO - Fetching draft combine anthropometric data for season 2020-21
2025-10-01 09:11:12,714 - INFO - Cache miss for /Users/harrisgordon/Documents/Development/Python/sports/Basketball/lineupOptimizer/src/nba_stats/.cache/954ae85bb113ba43bc310be6f645d212.json
2025-10-01 09:11:13,937 - INFO - Making request to https://stats.nba.com/stats/draftcombineplayeranthro with params: {'LeagueID': '00', 'SeasonYear': '2020-21'}
2025-10-01 09:11:13,952 - DEBUG - Starting new HTTPS connection (1): stats.nba.com:443
2025-10-01 09:11:14,111 - DEBUG - https://stats.nba.com:443 "GET /stats/draftcombineplayeranthro?LeagueID=00&SeasonYear=2020-21 HTTP/1.1" 200 2374
2025-10-01 09:11:14,112 - INFO - Received response with status code: 200
2025-10-01 09:11:14,112 - DEBUG - Response headers: {'Content-Type': 'application/json; charset=utf-8', 'x-datasource': 'Databricks', 'x-full-ttl': '1800.000', 'x-varnish': '262592143 317132676', 'x-vcl-version': 'NBA.com prod 1.12.8', 'x-vcl-region': 'Azure East US2', 'x-status': 'hit', 'x-hits': '3', 'x-region-map': '', 'x-stats-regionid': '', 'x-country-code': '', 'x-postal-code': '', 'x-ttl': '1756.803', 'x-grace': '86400.000', 'x-keep': '0.000', 'x-cacheability': 'cacheable', 'Accept-Ranges': 'bytes', 'x-envoy-upstream-service-time': '0', 'Content-Encoding': 'gzip', 'Server': 'envoy', 'Content-Length': '2374', 'Date': 'Wed, 01 Oct 2025 13:11:14 GMT', 'Connection': 'keep-alive', 'Vary': 'Accept-Encoding', 'Access-Control-Allow-Origin': 'https://www.nba.com', 'Strict-Transport-Security': 'max-age=86400', 'Set-Cookie': 'ak_bmsc=4785D2B35F0738B924D9A8BF2AD57000~000000000000000000000000000000~YAAQrSTDF7JZg56ZAQAAy/3lnx0jAKkraMWhYhvqC+VuHF5blvwLDr6MpWWCPlv6ysoyr0yBJDMrmSAQdu6WiSmp8HxF7Ckw53HPddzvP2v5FOrxAvet5kic+e5FumrRKF9a3taL86WqzaKQwRN98dDEa5cNo/hmgvOUaycZHIooZtxv9oz312QmM6QDap4Y3iJ385FmMbJn/AWkjZeXNu3ASd8+PKG9ywT3s3pkTUCVNgqjJqxj2v90qM/wJ5qPXh9ixTn5d3w+jA+y/eCpkV9VVv57P0ji5zAl99+uheKVW1LcoIFsFBT9D+K8c4Wfvs3irkfvWNIUtrIAr8LfiCrFe6f29yCsFWrrHW6w0zi2FYQbLU8bwgq0Ag==; Domain=.nba.com; Path=/; Expires=Wed, 01 Oct 2025 15:11:14 GMT; Max-Age=7200'}
2025-10-01 09:11:14,112 - DEBUG - Response validation passed for draftcombineplayeranthro: 45 rows in primary result set
2025-10-01 09:11:14,112 - INFO - Writing to cache: /Users/harrisgordon/Documents/Development/Python/sports/Basketball/lineupOptimizer/src/nba_stats/.cache/954ae85bb113ba43bc310be6f645d212.json
2025-10-01 09:11:14,114 - INFO - Processing 45 players for season 2020-21
2025-10-01 09:11:14,115 - INFO - Processing player 1/45
2025-10-01 09:11:14,119 - DEBUG - Inserted anthropometric data for player 1630173
2025-10-01 09:11:14,122 - DEBUG - Inserted anthropometric data for player 1630234
2025-10-01 09:11:14,123 - DEBUG - Inserted anthropometric data for player 1628962
2025-10-01 09:11:14,123 - DEBUG - Inserted anthropometric data for player 1630189
2025-10-01 09:11:14,123 - ERROR - Database error for player 1630213: FOREIGN KEY constraint failed
2025-10-01 09:11:14,124 - DEBUG - Inserted anthropometric data for player 1629603
2025-10-01 09:11:14,124 - DEBUG - Inserted anthropometric data for player 1629653
2025-10-01 09:11:14,124 - ERROR - Database error for player 1630220: FOREIGN KEY constraint failed
2025-10-01 09:11:14,124 - DEBUG - Inserted anthropometric data for player 1629604
2025-10-01 09:11:14,124 - DEBUG - Inserted anthropometric data for player 1630235
2025-10-01 09:11:14,124 - INFO - Processing player 11/45
2025-10-01 09:11:14,124 - DEBUG - Inserted anthropometric data for player 1630182
2025-10-01 09:11:14,125 - DEBUG - Inserted anthropometric data for player 1630204
2025-10-01 09:11:14,125 - DEBUG - Inserted anthropometric data for player 1630221
2025-10-01 09:11:14,125 - DEBUG - Inserted anthropometric data for player 1630223
2025-10-01 09:11:14,125 - DEBUG - Inserted anthropometric data for player 1630210
2025-10-01 09:11:14,125 - DEBUG - Inserted anthropometric data for player 1630190
2025-10-01 09:11:14,125 - DEBUG - Inserted anthropometric data for player 1630198
2025-10-01 09:11:14,125 - DEBUG - Inserted anthropometric data for player 1630222
2025-10-01 09:11:14,125 - DEBUG - Inserted anthropometric data for player 1630233
2025-10-01 09:11:14,125 - DEBUG - Inserted anthropometric data for player 1630177
2025-10-01 09:11:14,125 - INFO - Processing player 21/45
2025-10-01 09:11:14,125 - DEBUG - Inserted anthropometric data for player 1630211
2025-10-01 09:11:14,125 - DEBUG - Inserted anthropometric data for player 1630230
2025-10-01 09:11:14,125 - DEBUG - Inserted anthropometric data for player 1630231
2025-10-01 09:11:14,125 - DEBUG - Inserted anthropometric data for player 1630219
2025-10-01 09:11:14,125 - DEBUG - Inserted anthropometric data for player 1630192
2025-10-01 09:11:14,125 - DEBUG - Inserted anthropometric data for player 1629670
2025-10-01 09:11:14,125 - DEBUG - Inserted anthropometric data for player 1629617
2025-10-01 09:11:14,126 - DEBUG - Inserted anthropometric data for player 1629619
2025-10-01 09:11:14,126 - DEBUG - Inserted anthropometric data for player 1630193
2025-10-01 09:11:14,126 - DEBUG - Inserted anthropometric data for player 1630186
2025-10-01 09:11:14,126 - INFO - Processing player 31/45
2025-10-01 09:11:14,126 - DEBUG - Inserted anthropometric data for player 1630194
2025-10-01 09:11:14,126 - DEBUG - Inserted anthropometric data for player 1630208
2025-10-01 09:11:14,126 - DEBUG - Inserted anthropometric data for player 1630203
2025-10-01 09:11:14,126 - DEBUG - Inserted anthropometric data for player 1630206
2025-10-01 09:11:14,126 - DEBUG - Inserted anthropometric data for player 1630188
2025-10-01 09:11:14,126 - DEBUG - Inserted anthropometric data for player 1630199
2025-10-01 09:11:14,126 - DEBUG - Inserted anthropometric data for player 1630205
2025-10-01 09:11:14,126 - DEBUG - Inserted anthropometric data for player 1630191
2025-10-01 09:11:14,126 - DEBUG - Inserted anthropometric data for player 1630179
2025-10-01 09:11:14,126 - DEBUG - Inserted anthropometric data for player 1629681
2025-10-01 09:11:14,126 - INFO - Processing player 41/45
2025-10-01 09:11:14,126 - DEBUG - Inserted anthropometric data for player 1630214
2025-10-01 09:11:14,126 - ERROR - Database error for player 1629700: FOREIGN KEY constraint failed
2025-10-01 09:11:14,126 - ERROR - Database error for player 1630232: FOREIGN KEY constraint failed
2025-10-01 09:11:14,126 - DEBUG - Inserted anthropometric data for player 1630216
2025-10-01 09:11:14,126 - DEBUG - Inserted anthropometric data for player 1630218
2025-10-01 09:11:14,126 - INFO - Completed season 2020-21: 41 inserted, 0 updated, 4 errors
2025-10-01 09:11:14,133 - INFO - Population completed successfully
