2025-10-03 11:31:30,920 - INFO - Testing RangeToMetricsConverter...
2025-10-03 11:31:30,921 - INFO - RangeToMetricsConverter initialized with 9 distance ranges
2025-10-03 11:31:30,921 - INFO - Starting conversion to canonical metrics...
2025-10-03 11:31:30,921 - INFO - Validating input data structure...
2025-10-03 11:31:30,921 - INFO - Input validation passed. Found 3 players with 27 shot columns
2025-10-03 11:31:30,921 - INFO - Extracting shot data from input DataFrame...
2025-10-03 11:31:30,921 - INFO - Extracted 27 shot data columns
2025-10-03 11:31:30,922 - INFO - Calculating average shot distance...
2025-10-03 11:31:30,923 - INFO - Calculated average shot distance for 3 players
2025-10-03 11:31:30,923 - INFO - Calculating shot distribution ratios...
2025-10-03 11:31:30,923 - INFO - Calculated 4 shot distribution ratios
2025-10-03 11:31:30,924 - INFO - Successfully converted 3 players to 5 canonical metrics
2025-10-03 11:31:30,924 - INFO - Conversion test completed successfully!
2025-10-03 11:31:30,924 - INFO - Summary: {
  "input_players": 3,
  "output_players": 3,
  "metrics_calculated": 5,
  "conversion_success_rate": 1.0,
  "distance_ranges_processed": 9,
  "canonical_metrics": [
    "AVGDIST",
    "Zto3r",
    "THto10r",
    "TENto16r",
    "SIXTto3PTr"
  ],
  "AVGDIST_stats": {
    "mean": 22.055554942901253,
    "std": 2.0421809665549517e-07,
    "min": 22.055554738683156,
    "max": 22.05555514711935,
    "non_zero_count": 3
  },
  "Zto3r_stats": {
    "mean": 0.9999997500000671,
    "std": 8.333329165610702e-08,
    "min": 0.9999996666667778,
    "max": 0.9999998333333611,
    "non_zero_count": 3
  },
  "THto10r_stats": {
    "mean": 0.9999997500000671,
    "std": 8.333329165610702e-08,
    "min": 0.9999996666667778,
    "max": 0.9999998333333611,
    "non_zero_count": 3
  },
  "TENto16r_stats": {
    "mean": 0.9999997500000671,
    "std": 8.333329165610702e-08,
    "min": 0.9999996666667778,
    "max": 0.9999998333333611,
    "non_zero_count": 3
  },
  "SIXTto3PTr_stats": {
    "mean": 0.9999997500000671,
    "std": 8.333329165610702e-08,
    "min": 0.9999996666667778,
    "max": 0.9999998333333611,
    "non_zero_count": 3
  }
}
